D:\TEMP\подлесных рл2-23\калькулятор\калькулятор\DEBUG\калькулятор.PCH
D:\TEMP\подлесных рл2-23\калькулятор\калькулятор\DEBUG\STDAFX.OBJ
D:\TEMP\ПОДЛЕСНЫХ РЛ2-23\КАЛЬКУЛЯТОР\КАЛЬКУЛЯТОР\DEBUG\VC110.PDB
D:\TEMP\подлесных рл2-23\калькулятор\калькулятор\DEBUG\калькулятор.OBJ
D:\TEMP\подлесных рл2-23\калькулятор\калькулятор\DEBUG\ASSEMBLYINFO.OBJ
D:\TEMP\подлесных рл2-23\калькулятор\калькулятор\DEBUG\.NETFRAMEWORK,VERSION=V4.5.ASSEMBLYATTRIBUTES.OBJ
D:\TEMP\ПОДЛЕСНЫХ РЛ2-23\КАЛЬКУЛЯТОР\DEBUG\КАЛЬКУЛЯТОР.PDB
D:\TEMP\подлесных рл2-23\калькулятор\калькулятор\DEBUG\APP.RES
D:\temp\подлесных рл2-23\калькулятор\калькулятор\Debug\калькулятор.Form1.resources
D:\temp\подлесных рл2-23\калькулятор\калькулятор\Debug\калькулятор.vcxproj.GenerateResource.Cache
D:\temp\подлесных рл2-23\калькулятор\калькулятор\Debug\калькулятор.vcxprojResolveAssemblyReference.cache
D:\temp\подлесных рл2-23\калькулятор\калькулятор\Debug\.NETFramework,Version=v4.5.AssemblyAttributes.obj
D:\temp\подлесных рл2-23\калькулятор\калькулятор\Debug\AssemblyInfo.obj
D:\temp\подлесных рл2-23\калькулятор\калькулятор\Debug\stdafx.obj
D:\temp\подлесных рл2-23\калькулятор\калькулятор\Debug\калькулятор.obj
D:\temp\подлесных рл2-23\калькулятор\калькулятор\Debug\cl.command.1.tlog
D:\temp\подлесных рл2-23\калькулятор\калькулятор\Debug\CL.read.1.tlog
D:\temp\подлесных рл2-23\калькулятор\калькулятор\Debug\CL.write.1.tlog
D:\temp\подлесных рл2-23\калькулятор\калькулятор\Debug\link.1664-cvtres.read.1.tlog
D:\temp\подлесных рл2-23\калькулятор\калькулятор\Debug\link.1664-cvtres.write.1.tlog
D:\temp\подлесных рл2-23\калькулятор\калькулятор\Debug\link.1664-rc.read.1.tlog
D:\temp\подлесных рл2-23\калькулятор\калькулятор\Debug\link.1664-rc.write.1.tlog
D:\temp\подлесных рл2-23\калькулятор\калькулятор\Debug\link.1664.read.1.tlog
D:\temp\подлесных рл2-23\калькулятор\калькулятор\Debug\link.1664.write.1.tlog
D:\temp\подлесных рл2-23\калькулятор\калькулятор\Debug\link.3132-cvtres.read.1.tlog
D:\temp\подлесных рл2-23\калькулятор\калькулятор\Debug\link.3132-cvtres.write.1.tlog
D:\temp\подлесных рл2-23\калькулятор\калькулятор\Debug\link.3132-rc.read.1.tlog
D:\temp\подлесных рл2-23\калькулятор\калькулятор\Debug\link.3132-rc.write.1.tlog
D:\temp\подлесных рл2-23\калькулятор\калькулятор\Debug\link.3132.read.1.tlog
D:\temp\подлесных рл2-23\калькулятор\калькулятор\Debug\link.3132.write.1.tlog
D:\temp\подлесных рл2-23\калькулятор\калькулятор\Debug\link.3772-cvtres.read.1.tlog
D:\temp\подлесных рл2-23\калькулятор\калькулятор\Debug\link.3772-cvtres.write.1.tlog
D:\temp\подлесных рл2-23\калькулятор\калькулятор\Debug\link.3772-rc.read.1.tlog
D:\temp\подлесных рл2-23\калькулятор\калькулятор\Debug\link.3772-rc.write.1.tlog
D:\temp\подлесных рл2-23\калькулятор\калькулятор\Debug\link.3772.read.1.tlog
D:\temp\подлесных рл2-23\калькулятор\калькулятор\Debug\link.3772.write.1.tlog
D:\temp\подлесных рл2-23\калькулятор\калькулятор\Debug\link.4360-cvtres.read.1.tlog
D:\temp\подлесных рл2-23\калькулятор\калькулятор\Debug\link.4360-cvtres.write.1.tlog
D:\temp\подлесных рл2-23\калькулятор\калькулятор\Debug\link.4360-rc.read.1.tlog
D:\temp\подлесных рл2-23\калькулятор\калькулятор\Debug\link.4360-rc.write.1.tlog
D:\temp\подлесных рл2-23\калькулятор\калькулятор\Debug\link.4360.read.1.tlog
D:\temp\подлесных рл2-23\калькулятор\калькулятор\Debug\link.4360.write.1.tlog
D:\temp\подлесных рл2-23\калькулятор\калькулятор\Debug\link.5000-cvtres.read.1.tlog
D:\temp\подлесных рл2-23\калькулятор\калькулятор\Debug\link.5000-cvtres.write.1.tlog
D:\temp\подлесных рл2-23\калькулятор\калькулятор\Debug\link.5000-rc.read.1.tlog
D:\temp\подлесных рл2-23\калькулятор\калькулятор\Debug\link.5000-rc.write.1.tlog
D:\temp\подлесных рл2-23\калькулятор\калькулятор\Debug\link.5000.read.1.tlog
D:\temp\подлесных рл2-23\калькулятор\калькулятор\Debug\link.5000.write.1.tlog
D:\temp\подлесных рл2-23\калькулятор\калькулятор\Debug\link.508-cvtres.read.1.tlog
D:\temp\подлесных рл2-23\калькулятор\калькулятор\Debug\link.508-cvtres.write.1.tlog
D:\temp\подлесных рл2-23\калькулятор\калькулятор\Debug\link.508-rc.read.1.tlog
D:\temp\подлесных рл2-23\калькулятор\калькулятор\Debug\link.508-rc.write.1.tlog
D:\temp\подлесных рл2-23\калькулятор\калькулятор\Debug\link.508.read.1.tlog
D:\temp\подлесных рл2-23\калькулятор\калькулятор\Debug\link.508.write.1.tlog
D:\temp\подлесных рл2-23\калькулятор\калькулятор\Debug\link.5088-cvtres.read.1.tlog
D:\temp\подлесных рл2-23\калькулятор\калькулятор\Debug\link.5088-cvtres.write.1.tlog
D:\temp\подлесных рл2-23\калькулятор\калькулятор\Debug\link.5088-rc.read.1.tlog
D:\temp\подлесных рл2-23\калькулятор\калькулятор\Debug\link.5088-rc.write.1.tlog
D:\temp\подлесных рл2-23\калькулятор\калькулятор\Debug\link.5088.read.1.tlog
D:\temp\подлесных рл2-23\калькулятор\калькулятор\Debug\link.5088.write.1.tlog
D:\temp\подлесных рл2-23\калькулятор\калькулятор\Debug\link.5612-cvtres.read.1.tlog
D:\temp\подлесных рл2-23\калькулятор\калькулятор\Debug\link.5612-cvtres.write.1.tlog
D:\temp\подлесных рл2-23\калькулятор\калькулятор\Debug\link.5612-rc.read.1.tlog
D:\temp\подлесных рл2-23\калькулятор\калькулятор\Debug\link.5612-rc.write.1.tlog
D:\temp\подлесных рл2-23\калькулятор\калькулятор\Debug\link.5612.read.1.tlog
D:\temp\подлесных рл2-23\калькулятор\калькулятор\Debug\link.5612.write.1.tlog
D:\temp\подлесных рл2-23\калькулятор\калькулятор\Debug\link.5636-cvtres.read.1.tlog
D:\temp\подлесных рл2-23\калькулятор\калькулятор\Debug\link.5636-cvtres.write.1.tlog
D:\temp\подлесных рл2-23\калькулятор\калькулятор\Debug\link.5636-rc.read.1.tlog
D:\temp\подлесных рл2-23\калькулятор\калькулятор\Debug\link.5636-rc.write.1.tlog
D:\temp\подлесных рл2-23\калькулятор\калькулятор\Debug\link.5636.read.1.tlog
D:\temp\подлесных рл2-23\калькулятор\калькулятор\Debug\link.5636.write.1.tlog
D:\temp\подлесных рл2-23\калькулятор\калькулятор\Debug\link.5860-cvtres.read.1.tlog
D:\temp\подлесных рл2-23\калькулятор\калькулятор\Debug\link.5860-cvtres.write.1.tlog
D:\temp\подлесных рл2-23\калькулятор\калькулятор\Debug\link.5860-rc.read.1.tlog
D:\temp\подлесных рл2-23\калькулятор\калькулятор\Debug\link.5860-rc.write.1.tlog
D:\temp\подлесных рл2-23\калькулятор\калькулятор\Debug\link.5860.read.1.tlog
D:\temp\подлесных рл2-23\калькулятор\калькулятор\Debug\link.5860.write.1.tlog
D:\temp\подлесных рл2-23\калькулятор\калькулятор\Debug\link.5976-cvtres.read.1.tlog
D:\temp\подлесных рл2-23\калькулятор\калькулятор\Debug\link.5976-cvtres.write.1.tlog
D:\temp\подлесных рл2-23\калькулятор\калькулятор\Debug\link.5976-rc.read.1.tlog
D:\temp\подлесных рл2-23\калькулятор\калькулятор\Debug\link.5976-rc.write.1.tlog
D:\temp\подлесных рл2-23\калькулятор\калькулятор\Debug\link.5976.read.1.tlog
D:\temp\подлесных рл2-23\калькулятор\калькулятор\Debug\link.5976.write.1.tlog
D:\temp\подлесных рл2-23\калькулятор\калькулятор\Debug\link.6076-cvtres.read.1.tlog
D:\temp\подлесных рл2-23\калькулятор\калькулятор\Debug\link.6076-cvtres.write.1.tlog
D:\temp\подлесных рл2-23\калькулятор\калькулятор\Debug\link.6076-rc.read.1.tlog
D:\temp\подлесных рл2-23\калькулятор\калькулятор\Debug\link.6076-rc.write.1.tlog
D:\temp\подлесных рл2-23\калькулятор\калькулятор\Debug\link.6076.read.1.tlog
D:\temp\подлесных рл2-23\калькулятор\калькулятор\Debug\link.6076.write.1.tlog
D:\temp\подлесных рл2-23\калькулятор\калькулятор\Debug\link.6124-cvtres.read.1.tlog
D:\temp\подлесных рл2-23\калькулятор\калькулятор\Debug\link.6124-cvtres.write.1.tlog
D:\temp\подлесных рл2-23\калькулятор\калькулятор\Debug\link.6124-rc.read.1.tlog
D:\temp\подлесных рл2-23\калькулятор\калькулятор\Debug\link.6124-rc.write.1.tlog
D:\temp\подлесных рл2-23\калькулятор\калькулятор\Debug\link.6124.read.1.tlog
D:\temp\подлесных рл2-23\калькулятор\калькулятор\Debug\link.6124.write.1.tlog
D:\temp\подлесных рл2-23\калькулятор\калькулятор\Debug\link.6140-cvtres.read.1.tlog
D:\temp\подлесных рл2-23\калькулятор\калькулятор\Debug\link.6140-cvtres.write.1.tlog
D:\temp\подлесных рл2-23\калькулятор\калькулятор\Debug\link.6140-rc.read.1.tlog
D:\temp\подлесных рл2-23\калькулятор\калькулятор\Debug\link.6140-rc.write.1.tlog
D:\temp\подлесных рл2-23\калькулятор\калькулятор\Debug\link.6140.read.1.tlog
D:\temp\подлесных рл2-23\калькулятор\калькулятор\Debug\link.6140.write.1.tlog
D:\temp\подлесных рл2-23\калькулятор\калькулятор\Debug\link.command.1.tlog
D:\temp\подлесных рл2-23\калькулятор\калькулятор\Debug\link.read.1.tlog
D:\temp\подлесных рл2-23\калькулятор\калькулятор\Debug\link.write.1.tlog
D:\temp\подлесных рл2-23\калькулятор\калькулятор\Debug\metagen.read.1.tlog
D:\temp\подлесных рл2-23\калькулятор\калькулятор\Debug\metagen.write.1.tlog
D:\temp\подлесных рл2-23\калькулятор\калькулятор\Debug\rc.command.1.tlog
D:\temp\подлесных рл2-23\калькулятор\калькулятор\Debug\rc.read.1.tlog
D:\temp\подлесных рл2-23\калькулятор\калькулятор\Debug\rc.write.1.tlog
D:\temp\подлесных рл2-23\калькулятор\калькулятор\Debug\калькулятор.write.1.tlog
D:\temp\подлесных рл2-23\калькулятор\калькулятор\Debug\app.res
D:\temp\подлесных рл2-23\калькулятор\калькулятор\Debug\калькулятор.pch
D:\temp\подлесных рл2-23\калькулятор\калькулятор\Debug\vc110.pdb
D:\temp\подлесных рл2-23\калькулятор\калькулятор\Debug\RSAENH.DLL.bi
D:\temp\подлесных рл2-23\калькулятор\калькулятор\Debug\TZRES.DLL.bi
D:\temp\подлесных рл2-23\калькулятор\Debug\калькулятор.pdb
D:\temp\подлесных рл2-23\калькулятор\Debug\калькулятор.exe
D:\temp\подлесных рл2-23\калькулятор\Debug\калькулятор.ilk
